#
# A fatal error has been detected by the Java Runtime Environment:
#
#  Internal Error (sharedRuntime.cpp:834), pid=61328, tid=53492
#  fatal error: exception happened outside interpreter, nmethods and vtable stubs at pc 0x00000000026d4a10
#
# JRE version: Java(TM) SE Runtime Environment (8.0_45-b15) (build 1.8.0_45-b15)
# Java VM: Java HotSpot(TM) 64-Bit Server VM (25.45-b02 mixed mode windows-amd64 compressed oops)
# Failed to write core dump. Minidumps are not enabled by default on client versions of Windows
#
# If you would like to submit a bug report, please visit:
#   http://bugreport.java.com/bugreport/crash.jsp
#

---------------  T H R E A D  ---------------

Current thread (0x000000001faa6000):  JavaThread "nioEventLoopGroup-3-2" [_thread_in_Java, id=53492, stack(0x0000000030470000,0x0000000030570000)]

Stack: [0x0000000030470000,0x0000000030570000]
Native frames: (J=compiled Java code, j=interpreted, Vv=VM code, C=native code)
V  [jvm.dll+0x32b57a]
V  [jvm.dll+0x279873]
V  [jvm.dll+0x27a509]
V  [jvm.dll+0x2717a6]
V  [jvm.dll+0x228bfe]
V  [jvm.dll+0x297d60]
V  [jvm.dll+0x32b408]
C  [ntdll.dll+0x6bf9d]
C  [ntdll.dll+0x404ca]
C  [ntdll.dll+0x6b63e]
C  0x00000000026d4a10


---------------  P R O C E S S  ---------------

Java Threads: ( => current thread )
=>0x000000001faa6000 JavaThread "nioEventLoopGroup-3-2" [_thread_in_Java, id=53492, stack(0x0000000030470000,0x0000000030570000)]
  0x000000001faa7000 JavaThread "nioEventLoopGroup-3-1" [_thread_in_native, id=12668, stack(0x0000000030610000,0x0000000030710000)]
  0x000000002446a800 JavaThread "nioEventLoopGroup-2-5" [_thread_in_native, id=60824, stack(0x000000002f210000,0x000000002f310000)]
  0x000000002446a000 JavaThread "nioEventLoopGroup-2-4" [_thread_in_native, id=60788, stack(0x000000002e010000,0x000000002e110000)]
  0x0000000024469000 JavaThread "nioEventLoopGroup-2-3" [_thread_in_native, id=61152, stack(0x00000000276c0000,0x00000000277c0000)]
  0x00000000243a3000 JavaThread "nioEventLoopGroup-2-2" [_thread_in_native, id=60684, stack(0x0000000028bc0000,0x0000000028cc0000)]
  0x0000000024468800 JavaThread "nioEventLoopGroup-2-1" [_thread_in_native, id=56360, stack(0x0000000028750000,0x0000000028850000)]
  0x0000000024466000 JavaThread "DestroyJavaVM" [_thread_blocked, id=59800, stack(0x0000000002480000,0x0000000002580000)]
  0x0000000024465800 JavaThread "http-nio-8081-Acceptor" daemon [_thread_in_native, id=57560, stack(0x0000000029020000,0x0000000029120000)]
  0x0000000024464800 JavaThread "http-nio-8081-ClientPoller" daemon [_thread_in_native, id=57224, stack(0x0000000028ec0000,0x0000000028fc0000)]
  0x0000000024464000 JavaThread "http-nio-8081-exec-10" daemon [_thread_blocked, id=60456, stack(0x0000000028cf0000,0x0000000028df0000)]
  0x0000000022db2800 JavaThread "http-nio-8081-exec-9" daemon [_thread_blocked, id=60452, stack(0x0000000028990000,0x0000000028a90000)]
  0x0000000022db2000 JavaThread "http-nio-8081-exec-8" daemon [_thread_blocked, id=60444, stack(0x0000000028ac0000,0x0000000028bc0000)]
  0x0000000022db1000 JavaThread "http-nio-8081-exec-7" daemon [_thread_blocked, id=60448, stack(0x0000000028850000,0x0000000028950000)]
  0x0000000022db0800 JavaThread "http-nio-8081-exec-6" daemon [_thread_blocked, id=59896, stack(0x0000000028640000,0x0000000028740000)]
  0x0000000022daf800 JavaThread "http-nio-8081-exec-5" daemon [_thread_blocked, id=60680, stack(0x000000001fbc0000,0x000000001fcc0000)]
  0x0000000022daf000 JavaThread "http-nio-8081-exec-4" daemon [_thread_blocked, id=57180, stack(0x0000000027a50000,0x0000000027b50000)]
  0x0000000022dae000 JavaThread "http-nio-8081-exec-3" daemon [_thread_blocked, id=60676, stack(0x0000000028440000,0x0000000028540000)]
  0x0000000022dad800 JavaThread "http-nio-8081-exec-2" daemon [_thread_blocked, id=17248, stack(0x0000000028310000,0x0000000028410000)]
  0x0000000022dac800 JavaThread "http-nio-8081-exec-1" daemon [_thread_blocked, id=60460, stack(0x0000000028140000,0x0000000028240000)]
  0x0000000022dac000 JavaThread "http-nio-8081-BlockPoller" daemon [_thread_in_native, id=60420, stack(0x0000000027fc0000,0x00000000280c0000)]
  0x00000000243a6000 JavaThread "scheduling-1" [_thread_blocked, id=20144, stack(0x00000000265c0000,0x00000000266c0000)]
  0x00000000243a4800 JavaThread "idle_connection_reaper" daemon [_thread_blocked, id=60424, stack(0x00000000271c0000,0x00000000272c0000)]
  0x00000000243a2800 JavaThread "HikariPool-1 housekeeper" daemon [_thread_blocked, id=60472, stack(0x0000000021d50000,0x0000000021e50000)]
  0x00000000243a1800 JavaThread "mysql-cj-abandoned-connection-cleanup" daemon [_thread_blocked, id=57068, stack(0x0000000025c60000,0x0000000025d60000)]
  0x00000000243a1000 JavaThread "container-0" [_thread_blocked, id=24980, stack(0x00000000258f0000,0x00000000259f0000)]
  0x00000000243a0000 JavaThread "Catalina-utility-2" [_thread_blocked, id=60160, stack(0x0000000025b60000,0x0000000025c60000)]
  0x000000002439f800 JavaThread "Catalina-utility-1" [_thread_blocked, id=56252, stack(0x0000000025a50000,0x0000000025b50000)]
  0x000000001da8c000 JavaThread "Service Thread" daemon [_thread_blocked, id=60524, stack(0x000000001e800000,0x000000001e900000)]
  0x000000001d66f000 JavaThread "C1 CompilerThread2" daemon [_thread_blocked, id=60520, stack(0x000000001e640000,0x000000001e740000)]
  0x000000001d9d3000 JavaThread "C2 CompilerThread1" daemon [_thread_blocked, id=60516, stack(0x000000001e200000,0x000000001e300000)]
  0x000000001d9d2800 JavaThread "C2 CompilerThread0" daemon [_thread_blocked, id=59708, stack(0x000000001e480000,0x000000001e580000)]
  0x000000001da56000 JavaThread "Monitor Ctrl-Break" daemon [_thread_in_native, id=59764, stack(0x000000001e340000,0x000000001e440000)]
  0x000000001d282800 JavaThread "Attach Listener" daemon [_thread_blocked, id=56260, stack(0x000000001d880000,0x000000001d980000)]
  0x000000001be5f000 JavaThread "Signal Dispatcher" daemon [_thread_blocked, id=56840, stack(0x000000001d710000,0x000000001d810000)]
  0x000000001bdfe800 JavaThread "Finalizer" daemon [_thread_blocked, id=55368, stack(0x000000001cea0000,0x000000001cfa0000)]
  0x000000001bdf5800 JavaThread "Reference Handler" daemon [_thread_blocked, id=14392, stack(0x000000001d170000,0x000000001d270000)]

Other Threads:
  0x000000001bdef800 VMThread [stack: 0x000000001cfb0000,0x000000001d0b0000] [id=59516]
  0x000000001da90000 WatcherThread [stack: 0x000000001eae0000,0x000000001ebe0000] [id=60528]

VM state:not at safepoint (normal execution)

VM Mutex/Monitor currently owned by a thread: None

Heap:
 PSYoungGen      total 343552K, used 224841K [0x000000076ae00000, 0x0000000786c80000, 0x00000007c0000000)
  eden space 324096K, 63% used [0x000000076ae00000,0x00000007776985a0,0x000000077ea80000)
  from space 19456K, 99% used [0x000000077ea80000,0x000000077fd7a118,0x000000077fd80000)
  to   space 25088K, 0% used [0x0000000785400000,0x0000000785400000,0x0000000786c80000)
 ParOldGen       total 181248K, used 34413K [0x00000006c0a00000, 0x00000006cbb00000, 0x000000076ae00000)
  object space 181248K, 18% used [0x00000006c0a00000,0x00000006c2b9b510,0x00000006cbb00000)
 Metaspace       used 79117K, capacity 82256K, committed 82392K, reserved 1120256K
  class space    used 10393K, capacity 10926K, committed 11008K, reserved 1048576K

Card table byte_map: [0x0000000011a40000,0x0000000012240000] byte_map_base: 0x000000000e43b000

Marking Bits: (ParMarkBitMap*) 0x0000000058114040
 Begin Bits: [0x0000000012cb0000, 0x0000000016c88000)
 End Bits:   [0x0000000016c88000, 0x000000001ac60000)

Polling page: 0x0000000000330000

CodeCache: size=245760Kb used=27395Kb max_used=27407Kb free=218364Kb
 bounds [0x0000000002680000, 0x0000000004170000, 0x0000000011680000]
 total_blobs=9114 nmethods=8430 adapters=594
 compilation: enabled

Compilation events (10 events):
Event: 531.288 Thread 0x000000001d9d2800 9946       4       io.netty.buffer.AbstractByteBufAllocator::directBuffer (25 bytes)
Event: 531.289 Thread 0x000000001d9d3000 9947       4       io.netty.buffer.AbstractByteBufAllocator::toLeakAwareBuffer (88 bytes)
Event: 531.298 Thread 0x000000001d9d3000 nmethod 9947 0x000000000415acd0 code [0x000000000415af20, 0x000000000415b8c8]
Event: 531.325 Thread 0x000000001d9d2800 nmethod 9946 0x0000000004161e90 code [0x0000000004162200, 0x0000000004163970]
Event: 531.385 Thread 0x000000001d9d3000 9948       4       io.netty.buffer.PooledUnsafeDirectByteBuf::init (20 bytes)
Event: 531.386 Thread 0x000000001d9d3000 nmethod 9948 0x000000000415a850 code [0x000000000415a9a0, 0x000000000415aab8]
Event: 531.609 Thread 0x000000001d9d2800 9949       4       io.netty.channel.AbstractChannelHandlerContext::fireChannelRead (12 bytes)
Event: 531.613 Thread 0x000000001d9d2800 nmethod 9949 0x000000000415f690 code [0x000000000415f820, 0x000000000415fc28]
Event: 533.541 Thread 0x000000001d9d3000 9950       4       java.util.concurrent.atomic.AtomicIntegerFieldUpdater$AtomicIntegerFieldUpdaterImpl::get (39 bytes)
Event: 533.542 Thread 0x000000001d9d3000 nmethod 9950 0x0000000004156490 code [0x00000000041565e0, 0x0000000004156758]

GC Heap History (10 events):
Event: 5.050 GC heap before
{Heap before GC invocations=8 (full 2):
 PSYoungGen      total 213504K, used 11541K [0x000000076ae00000, 0x0000000779980000, 0x00000007c0000000)
  eden space 200704K, 0% used [0x000000076ae00000,0x000000076ae00000,0x0000000777200000)
  from space 12800K, 90% used [0x0000000778000000,0x0000000778b455d0,0x0000000778c80000)
  to   space 14336K, 0% used [0x0000000777200000,0x0000000777200000,0x0000000778000000)
 ParOldGen       total 96256K, used 8116K [0x00000006c0a00000, 0x00000006c6800000, 0x000000076ae00000)
  object space 96256K, 8% used [0x00000006c0a00000,0x00000006c11ed290,0x00000006c6800000)
 Metaspace       used 33656K, capacity 35268K, committed 35416K, reserved 1079296K
  class space    used 4341K, capacity 4626K, committed 4736K, reserved 1048576K
Event: 5.101 GC heap after
Heap after GC invocations=8 (full 2):
 PSYoungGen      total 213504K, used 0K [0x000000076ae00000, 0x0000000779980000, 0x00000007c0000000)
  eden space 200704K, 0% used [0x000000076ae00000,0x000000076ae00000,0x0000000777200000)
  from space 12800K, 0% used [0x0000000778000000,0x0000000778000000,0x0000000778c80000)
  to   space 14336K, 0% used [0x0000000777200000,0x0000000777200000,0x0000000778000000)
 ParOldGen       total 133120K, used 16193K [0x00000006c0a00000, 0x00000006c8c00000, 0x000000076ae00000)
  object space 133120K, 12% used [0x00000006c0a00000,0x00000006c19d0638,0x00000006c8c00000)
 Metaspace       used 33656K, capacity 35268K, committed 35416K, reserved 1079296K
  class space    used 4341K, capacity 4626K, committed 4736K, reserved 1048576K
}
Event: 7.493 GC heap before
{Heap before GC invocations=9 (full 2):
 PSYoungGen      total 213504K, used 200704K [0x000000076ae00000, 0x0000000779980000, 0x00000007c0000000)
  eden space 200704K, 100% used [0x000000076ae00000,0x0000000777200000,0x0000000777200000)
  from space 12800K, 0% used [0x0000000778000000,0x0000000778000000,0x0000000778c80000)
  to   space 14336K, 0% used [0x0000000777200000,0x0000000777200000,0x0000000778000000)
 ParOldGen       total 133120K, used 16193K [0x00000006c0a00000, 0x00000006c8c00000, 0x000000076ae00000)
  object space 133120K, 12% used [0x00000006c0a00000,0x00000006c19d0638,0x00000006c8c00000)
 Metaspace       used 48864K, capacity 50752K, committed 51032K, reserved 1093632K
  class space    used 6633K, capacity 6980K, committed 7040K, reserved 1048576K
Event: 7.510 GC heap after
Heap after GC invocations=9 (full 2):
 PSYoungGen      total 215040K, used 14312K [0x000000076ae00000, 0x0000000781380000, 0x00000007c0000000)
  eden space 200704K, 0% used [0x000000076ae00000,0x000000076ae00000,0x0000000777200000)
  from space 14336K, 99% used [0x0000000777200000,0x0000000777ffa240,0x0000000778000000)
  to   space 18432K, 0% used [0x0000000780180000,0x0000000780180000,0x0000000781380000)
 ParOldGen       total 133120K, used 19487K [0x00000006c0a00000, 0x00000006c8c00000, 0x000000076ae00000)
  object space 133120K, 14% used [0x00000006c0a00000,0x00000006c1d07cb0,0x00000006c8c00000)
 Metaspace       used 48864K, capacity 50752K, committed 51032K, reserved 1093632K
  class space    used 6633K, capacity 6980K, committed 7040K, reserved 1048576K
}
Event: 9.007 GC heap before
{Heap before GC invocations=10 (full 2):
 PSYoungGen      total 215040K, used 118329K [0x000000076ae00000, 0x0000000781380000, 0x00000007c0000000)
  eden space 200704K, 51% used [0x000000076ae00000,0x0000000771394398,0x0000000777200000)
  from space 14336K, 99% used [0x0000000777200000,0x0000000777ffa240,0x0000000778000000)
  to   space 18432K, 0% used [0x0000000780180000,0x0000000780180000,0x0000000781380000)
 ParOldGen       total 133120K, used 19487K [0x00000006c0a00000, 0x00000006c8c00000, 0x000000076ae00000)
  object space 133120K, 14% used [0x00000006c0a00000,0x00000006c1d07cb0,0x00000006c8c00000)
 Metaspace       used 56613K, capacity 58932K, committed 58968K, reserved 1099776K
  class space    used 7678K, capacity 8058K, committed 8064K, reserved 1048576K
Event: 9.031 GC heap after
Heap after GC invocations=10 (full 2):
 PSYoungGen      total 338944K, used 14905K [0x000000076ae00000, 0x0000000781080000, 0x00000007c0000000)
  eden space 323584K, 0% used [0x000000076ae00000,0x000000076ae00000,0x000000077ea00000)
  from space 15360K, 97% used [0x0000000780180000,0x000000078100e570,0x0000000781080000)
  to   space 19456K, 0% used [0x000000077ea80000,0x000000077ea80000,0x000000077fd80000)
 ParOldGen       total 133120K, used 19495K [0x00000006c0a00000, 0x00000006c8c00000, 0x000000076ae00000)
  object space 133120K, 14% used [0x00000006c0a00000,0x00000006c1d09cb0,0x00000006c8c00000)
 Metaspace       used 56613K, capacity 58932K, committed 58968K, reserved 1099776K
  class space    used 7678K, capacity 8058K, committed 8064K, reserved 1048576K
}
Event: 9.031 GC heap before
{Heap before GC invocations=11 (full 3):
 PSYoungGen      total 338944K, used 14905K [0x000000076ae00000, 0x0000000781080000, 0x00000007c0000000)
  eden space 323584K, 0% used [0x000000076ae00000,0x000000076ae00000,0x000000077ea00000)
  from space 15360K, 97% used [0x0000000780180000,0x000000078100e570,0x0000000781080000)
  to   space 19456K, 0% used [0x000000077ea80000,0x000000077ea80000,0x000000077fd80000)
 ParOldGen       total 133120K, used 19495K [0x00000006c0a00000, 0x00000006c8c00000, 0x000000076ae00000)
  object space 133120K, 14% used [0x00000006c0a00000,0x00000006c1d09cb0,0x00000006c8c00000)
 Metaspace       used 56613K, capacity 58932K, committed 58968K, reserved 1099776K
  class space    used 7678K, capacity 8058K, committed 8064K, reserved 1048576K
Event: 9.205 GC heap after
Heap after GC invocations=11 (full 3):
 PSYoungGen      total 338944K, used 0K [0x000000076ae00000, 0x0000000781080000, 0x00000007c0000000)
  eden space 323584K, 0% used [0x000000076ae00000,0x000000076ae00000,0x000000077ea00000)
  from space 15360K, 0% used [0x0000000780180000,0x0000000780180000,0x0000000781080000)
  to   space 19456K, 0% used [0x000000077ea80000,0x000000077ea80000,0x000000077fd80000)
 ParOldGen       total 181248K, used 27750K [0x00000006c0a00000, 0x00000006cbb00000, 0x000000076ae00000)
  object space 181248K, 15% used [0x00000006c0a00000,0x00000006c2519b30,0x00000006cbb00000)
 Metaspace       used 56613K, capacity 58932K, committed 58968K, reserved 1099776K
  class space    used 7678K, capacity 8058K, committed 8064K, reserved 1048576K
}
Event: 306.963 GC heap before
{Heap before GC invocations=12 (full 3):
 PSYoungGen      total 338944K, used 323584K [0x000000076ae00000, 0x0000000781080000, 0x00000007c0000000)
  eden space 323584K, 100% used [0x000000076ae00000,0x000000077ea00000,0x000000077ea00000)
  from space 15360K, 0% used [0x0000000780180000,0x0000000780180000,0x0000000781080000)
  to   space 19456K, 0% used [0x000000077ea80000,0x000000077ea80000,0x000000077fd80000)
 ParOldGen       total 181248K, used 27750K [0x00000006c0a00000, 0x00000006cbb00000, 0x000000076ae00000)
  object space 181248K, 15% used [0x00000006c0a00000,0x00000006c2519b30,0x00000006cbb00000)
 Metaspace       used 76266K, capacity 79410K, committed 79576K, reserved 1118208K
  class space    used 10136K, capacity 10655K, committed 10752K, reserved 1048576K
Event: 306.990 GC heap after
Heap after GC invocations=12 (full 3):
 PSYoungGen      total 343552K, used 19432K [0x000000076ae00000, 0x0000000786c80000, 0x00000007c0000000)
  eden space 324096K, 0% used [0x000000076ae00000,0x000000076ae00000,0x000000077ea80000)
  from space 19456K, 99% used [0x000000077ea80000,0x000000077fd7a118,0x000000077fd80000)
  to   space 25088K, 0% used [0x0000000785400000,0x0000000785400000,0x0000000786c80000)
 ParOldGen       total 181248K, used 34413K [0x00000006c0a00000, 0x00000006cbb00000, 0x000000076ae00000)
  object space 181248K, 18% used [0x00000006c0a00000,0x00000006c2b9b510,0x00000006cbb00000)
 Metaspace       used 76266K, capacity 79410K, committed 79576K, reserved 1118208K
  class space    used 10136K, capacity 10655K, committed 10752K, reserved 1048576K
}

Deoptimization events (10 events):
Event: 319.566 Thread 0x0000000024468800 Uncommon trap: reason=class_check action=maybe_recompile pc=0x00000000033cbd6c method=java.lang.ClassLoader.checkPackageAccess(Ljava/lang/Class;Ljava/security/ProtectionDomain;)V @ 115
Event: 330.150 Thread 0x0000000024469000 Uncommon trap: reason=predicate action=maybe_recompile pc=0x00000000030bda9c method=java.util.regex.Pattern$SliceI.match(Ljava/util/regex/Matcher;ILjava/lang/CharSequence;)Z @ 21
Event: 432.979 Thread 0x00000000243a6000 Uncommon trap: reason=unstable_if action=reinterpret pc=0x0000000002b1f9e4 method=java.lang.String.indexOf([CII[CIII)I @ 27
Event: 433.740 Thread 0x00000000243a6000 Uncommon trap: reason=null_check action=make_not_entrant pc=0x0000000003ca6198 method=java.lang.ThreadLocal$ThreadLocalMap.getEntryAfterMiss(Ljava/lang/ThreadLocal;ILjava/lang/ThreadLocal$ThreadLocalMap$Entry;)Ljava/lang/ThreadLocal$ThreadLocalMap$Entry; @>—«{@
Event: 433.942 Thread 0x00000000243a6000 Uncommon trap: reason=class_check action=maybe_recompile pc=0x0000000002c1b0bc method=java.lang.Character.toUpperCase(I)I @ 5
Event: 433.942 Thread 0x00000000243a6000 Uncommon trap: reason=class_check action=maybe_recompile pc=0x000000000297540c method=java.lang.Character.toLowerCase(I)I @ 5
Event: 434.054 Thread 0x00000000243a6000 Uncommon trap: reason=unstable_if action=reinterpret pc=0x00000000034135c8 method=sun.nio.cs.UTF_8$Decoder.decodeArrayLoop(Ljava/nio/ByteBuffer;Ljava/nio/CharBuffer;)Ljava/nio/charset/CoderResult; @ 287
Event: 507.796 Thread 0x0000000024464000 Uncommon trap: reason=unstable_if action=reinterpret pc=0x0000000003d24438 method=org.springframework.util.AntPathMatcher.skipSegment(Ljava/lang/String;ILjava/lang/String;)I @ 47
Event: 507.796 Thread 0x0000000024464000 Uncommon trap: reason=unstable_if action=reinterpret pc=0x00000000032fc95c method=org.springframework.util.AntPathMatcher.skipSegment(Ljava/lang/String;ILjava/lang/String;)I @ 47
Event: 516.230 Thread 0x0000000022dac800 Uncommon trap: reason=bimorphic action=maybe_recompile pc=0x00000000034256a4 method=java.lang.Throwable.<init>(Ljava/lang/String;Ljava/lang/Throwable;)V @ 24

Internal exceptions (10 events):
Event: 57.093 Thread 0x0000000022db2000 Exception <a 'java/lang/ClassNotFoundException': java/lang/ObjectBeanInfo> (0x0000000776babde8) thrown at [C:\re\workspace\8-2-build-windows-amd64-cygwin\jdk8u45\3627\hotspot\src\share\vm\classfile\systemDictionary.cpp, line 210]
Event: 57.094 Thread 0x0000000022db2000 Exception <a 'java/lang/ClassNotFoundException': java/lang/ObjectCustomizer> (0x0000000776bb8d58) thrown at [C:\re\workspace\8-2-build-windows-amd64-cygwin\jdk8u45\3627\hotspot\src\share\vm\classfile\systemDictionary.cpp, line 210]
Event: 57.095 Thread 0x0000000022db2000 Exception <a 'java/lang/ClassNotFoundException': io/philoyui/qmier/qmiermanager/entity/ArticleEntityCustomizer> (0x0000000776be2b80) thrown at [C:\re\workspace\8-2-build-windows-amd64-cygwin\jdk8u45\3627\hotspot\src\share\vm\classfile\systemDictionary.cpp,›Hgkô—O@
Event: 63.187 Thread 0x0000000022daf000 Exception <a 'java/io/IOException'> (0x0000000777e4add0) thrown at [C:\re\workspace\8-2-build-windows-amd64-cygwin\jdk8u45\3627\hotspot\src\share\vm\prims\jni.cpp, line 709]
Event: 63.210 Thread 0x0000000022daf000 Exception <a 'java/io/IOException'> (0x0000000777e6ff38) thrown at [C:\re\workspace\8-2-build-windows-amd64-cygwin\jdk8u45\3627\hotspot\src\share\vm\prims\jni.cpp, line 709]
Event: 63.210 Thread 0x0000000022daf000 Exception <a 'java/io/IOException'> (0x0000000777e70900) thrown at [C:\re\workspace\8-2-build-windows-amd64-cygwin\jdk8u45\3627\hotspot\src\share\vm\prims\jni.cpp, line 709]
Event: 133.654 Thread 0x00000000243a6000 Implicit null exception at 0x0000000002cc8a1d to 0x0000000002cc8b79
Event: 134.951 Thread 0x00000000243a6000 Exception <a 'java/lang/ClassNotFoundException': java/lang/ObjectCustomizer> (0x0000000779e8ce80) thrown at [C:\re\workspace\8-2-build-windows-amd64-cygwin\jdk8u45\3627\hotspot\src\share\vm\classfile\systemDictionary.cpp, line 210]
Event: 134.952 Thread 0x00000000243a6000 Exception <a 'java/lang/ClassNotFoundException': io/philoyui/qmier/qmiermanager/entity/ArticleEntityCustomizer> (0x0000000779eb3ed8) thrown at [C:\re\workspace\8-2-build-windows-amd64-cygwin\jdk8u45\3627\hotspot\src\share\vm\classfile\systemDictionary.cpp,	ÁfÕ{@
Event: 433.740 Thread 0x00000000243a6000 Implicit null exception at 0x0000000003ca610d to 0x0000000003ca6175

Events (10 events):
Event: 528.853 Executing VM operation: RevokeBias
Event: 528.853 Executing VM operation: RevokeBias done
Event: 528.853 Executing VM operation: RevokeBias
Event: 528.853 Executing VM operation: RevokeBias done
Event: 528.885 Executing VM operation: RevokeBias
Event: 528.885 Executing VM operation: RevokeBias done
Event: 528.885 Executing VM operation: BulkRevokeBias
Event: 528.885 Executing VM operation: BulkRevokeBias done
Event: 528.986 Executing VM operation: RevokeBias
Event: 528.986 Executing VM operation: RevokeBias done


Dynamic libraries:
0x000000013f4d0000 - 0x000000013f507000 	C:\Program Files\Java\jdk1.8.0_45\bin\java.exe
0x0000000076fc0000 - 0x000000007715f000 	C:\Windows\SYSTEM32\ntdll.dll
0x0000000076da0000 - 0x0000000076ebf000 	C:\Windows\system32\kernel32.dll
0x000007fefd1b0000 - 0x000007fefd21a000 	C:\Windows\system32\KERNELBASE.dll
0x0000000074be0000 - 0x0000000074c69000 	C:\Windows\System32\SYSFER.DLL
0x000007fefea70000 - 0x000007fefeb4b000 	C:\Windows\system32\ADVAPI32.dll
0x000007fefe530000 - 0x000007fefe5cf000 	C:\Windows\system32\msvcrt.dll
0x000007feff180000 - 0x000007feff19f000 	C:\Windows\SYSTEM32\sechost.dll
0x000007fefebc0000 - 0x000007fefeced000 	C:\Windows\system32\RPCRT4.dll
0x0000000076ec0000 - 0x0000000076fba000 	C:\Windows\system32\USER32.dll
0x000007fefeb50000 - 0x000007fefebb7000 	C:\Windows\system32\GDI32.dll
0x000007fefd790000 - 0x000007fefd79e000 	C:\Windows\system32\LPK.dll
0x000007fefe9a0000 - 0x000007fefea6b000 	C:\Windows\system32\USP10.dll
0x000007fefb650000 - 0x000007fefb844000 	C:\Windows\WinSxS\amd64_microsoft.windows.common-controls_6595b64144ccf1df_6.0.7601.18837_none_fa3b1e3d17594757\COMCTL32.dll
0x000007fefedd0000 - 0x000007fefee41000 	C:\Windows\system32\SHLWAPI.dll
0x000007fefd760000 - 0x000007fefd78e000 	C:\Windows\system32\IMM32.DLL
0x000007feff1a0000 - 0x000007feff2a9000 	C:\Windows\system32\MSCTF.dll
0x0000000062b20000 - 0x0000000062bf2000 	C:\Program Files\Java\jdk1.8.0_45\jre\bin\msvcr100.dll
0x0000000057910000 - 0x0000000058193000 	C:\Program Files\Java\jdk1.8.0_45\jre\bin\server\jvm.dll
0x000007fef9330000 - 0x000007fef9339000 	C:\Windows\system32\WSOCK32.dll
0x000007fefee50000 - 0x000007fefee9d000 	C:\Windows\system32\WS2_32.dll
0x000007fefe700000 - 0x000007fefe708000 	C:\Windows\system32\NSI.dll
0x000007fefa890000 - 0x000007fefa8cb000 	C:\Windows\system32\WINMM.dll
0x000007fefbfc0000 - 0x000007fefbfcc000 	C:\Windows\system32\VERSION.dll
0x0000000077160000 - 0x0000000077167000 	C:\Windows\system32\PSAPI.DLL
0x000000006a7a0000 - 0x000000006a7af000 	C:\Program Files\Java\jdk1.8.0_45\jre\bin\verify.dll
0x0000000067c00000 - 0x0000000067c29000 	C:\Program Files\Java\jdk1.8.0_45\jre\bin\java.dll
0x0000000064c10000 - 0x0000000064c33000 	C:\Program Files\Java\jdk1.8.0_45\jre\bin\instrument.dll
0x0000000069350000 - 0x0000000069366000 	C:\Program Files\Java\jdk1.8.0_45\jre\bin\zip.dll
0x000007fefd7a0000 - 0x000007fefe52b000 	C:\Windows\system32\SHELL32.dll
0x000007fefd2e0000 - 0x000007fefd4dd000 	C:\Windows\system32\ole32.dll
0x000007fefceb0000 - 0x000007fefcebf000 	C:\Windows\system32\profapi.dll
0x000007fef32a0000 - 0x000007fef32ba000 	C:\Program Files\JetBrains\IntelliJ IDEA Community Edition 2019.2.2\bin\breakgen64.dll
0x0000000067e20000 - 0x0000000067e3a000 	C:\Program Files\Java\jdk1.8.0_45\jre\bin\net.dll
0x000007fefc6a0000 - 0x000007fefc6f5000 	C:\Windows\system32\mswsock.dll
0x000007fefc690000 - 0x000007fefc697000 	C:\Windows\System32\wship6.dll
0x000000006a6c0000 - 0x000000006a6cd000 	C:\Program Files\Java\jdk1.8.0_45\jre\bin\management.dll
0x000007fefa760000 - 0x000007fefa775000 	C:\Windows\system32\NLAapi.dll
0x000007fef96a0000 - 0x000007fef96b5000 	C:\Windows\system32\napinsp.dll
0x000007fef96c0000 - 0x000007fef96d9000 	C:\Windows\system32\pnrpnsp.dll
0x000007fefc520000 - 0x000007fefc57b000 	C:\Windows\system32\DNSAPI.dll
0x000007fef9690000 - 0x000007fef969b000 	C:\Windows\System32\winrnr.dll
0x000007fef9680000 - 0x000007fef9690000 	C:\Windows\system32\wshbth.dll
0x000007fefc090000 - 0x000007fefc097000 	C:\Windows\System32\wshtcpip.dll
0x000007fefac60000 - 0x000007fefac87000 	C:\Windows\system32\IPHLPAPI.DLL
0x000007fefac50000 - 0x000007fefac5b000 	C:\Windows\system32\WINNSI.DLL
0x000007fef96e0000 - 0x000007fef96e8000 	C:\Windows\system32\rasadhlp.dll
0x000007fef9f50000 - 0x000007fef9fa3000 	C:\Windows\System32\fwpuclnt.dll
0x0000000066570000 - 0x0000000066581000 	C:\Program Files\Java\jdk1.8.0_45\jre\bin\nio.dll
0x000007fefc700000 - 0x000007fefc718000 	C:\Windows\system32\CRYPTSP.dll
0x000007fefc400000 - 0x000007fefc447000 	C:\Windows\system32\rsaenh.dll
0x000007fefc1a0000 - 0x000007fefc1be000 	C:\Windows\system32\USERENV.dll
0x000007fefcda0000 - 0x000007fefcdaf000 	C:\Windows\system32\CRYPTBASE.dll
0x000007fefa070000 - 0x000007fefa081000 	C:\Windows\system32\dhcpcsvc6.DLL
0x000007fefa050000 - 0x000007fefa068000 	C:\Windows\system32\dhcpcsvc.DLL
0x0000000064b60000 - 0x0000000064b84000 	C:\Program Files\Java\jdk1.8.0_45\jre\bin\sunec.dll
0x000007fefab20000 - 0x000007fefac45000 	C:\Windows\system32\dbghelp.dll

VM Arguments:
jvm_args: -javaagent:C:\Program Files\JetBrains\IntelliJ IDEA Community Edition 2019.2.2\lib\idea_rt.jar=49817:C:\Program Files\JetBrains\IntelliJ IDEA Community Edition 2019.2.2\bin -Dfile.encoding=UTF-8 
java_command: io.philoyui.qmier.qmiermanager.QmierManagerApplication
java_class_path (initial): C:\Program Files\Java\jdk1.8.0_45\jre\lib\charsets.jar;C:\Program Files\Java\jdk1.8.0_45\jre\lib\deploy.jar;C:\Program Files\Java\jdk1.8.0_45\jre\lib\ext\access-bridge-64.jar;C:\Program Files\Java\jdk1.8.0_45\jre\lib\ext\cldrdata.jar;C:\Program Files\Java\jdk1.8.0_45\jre\lib\ext\dnsns.jar;C:\Program Files\Java\jdk1.8.0_45\jre\lib\ext\jaccess.jar;C:\Program Files\Java\jdk1.8.0_45\jre\lib\ext\jfxrt.jar;C:\Program Files\Java\jdk1.8.0_45\jre\lib\ext\localedata.jar;C:\Program Files\Java\jdk1.8.0_45\jre\lib\ext\nashorn.jar;C:\Program Files\Java\jdk1.8.0_45\jre\lib\ext\sunec.jar;C:\Program Files\Java\jdk1.8.0_45\jre\lib\ext\sunjce_provider.jar;C:\Program Files\Java\jdk1.8.0_45\jre\lib\ext\sunmscapi.jar;C:\Program Files\Java\jdk1.8.0_45\jre\lib\ext\sunpkcs11.jar;C:\Program Files\Java\jdk1.8.0_45\jre\lib\ext\zipfs.jar;C:\Program Files\Java\jdk1.8.0_45\jre\lib\javaws.jar;C:\Program Files\Java\jdk1.8.0_45\jre\lib\jce.jar;C:\Program Files\Java\jdk1.8.0_45\jre\lib\jfr.jar;C:\Program Files\Java\jdk1.8.0_45\jre\lib\jfxswt.jar;C:\Program Files\Java\jdk1.8.0_45\jre\lib\jsse.jar;C:\Program Files\Java\jdk1.8.0_45\jre\lib\management-agent.jar;C:\Program Files\Java\jdk1.8.0_45\jre\lib\plugin.jar;C:\Program Files\Java\jdk1.8.0_45\jre\lib\resources.jar;C:\Program Files\Java\jdk1.8.0_45\jre\lib\rt.jar;E:\opencloud\philoyui-stock\philoyui-stock-manager\target\classes;F:\mvn_repo\org\springframework\boot\spring-boot-starter-data-jpa\2.1.7.RELEASE\spring-boot-starter-data-jpa-2.1.7.RELEASE.jar;F:\mvn_repo\org\springframework\boot\spring-boot-starter-aop\2.1.7.RELEASE\spring-boot-starter-aop-2.1.7.RELEASE.jar;F:\mvn_repo\org\aspectj\aspectjweaver\1.9.4\aspectjweaver-1.9.4.jar;F:\mvn_repo\org\springframework\boot\spring-boot-starter-jdbc\2.1.7.RELEASE\spring-boot-starter-jdbc-2.1.7.RELEASE.jar;F:\mvn_repo\com\zaxxer\HikariCP\3.2.0\HikariCP-3.2.0.jar;F:\mvn_repo\org\springframework\spring-jdbc\5.1.9.RELEASE\spring-jdbc-5.1.9.RELEASE.jar;F:\mvn_repo\javax\transaction\
Launcher Type: SUN_STANDARD

Environment Variables:
JAVA_HOME=C:\Program Files\Java\jdk1.8.0_45
PATH=C:\Program Files (x86)\NetSarang\Xftp 6\;C:\Program Files (x86)\NetSarang\Xshell 6\;C:\ProgramData\Oracle\Java\javapath;C:\Program Files (x86)\Common Files\NetSarang;C:\Program Files (x86)\AMD APP\bin\x86_64;C:\Program Files (x86)\AMD APP\bin\x86;C:\Program Files (x86)\Intel\iCLS Client\;C:\Program Files\Intel\iCLS Client\;C:\Windows\system32;C:\Windows;C:\Windows\System32\Wbem;C:\Windows\System32\WindowsPowerShell\v1.0\;C:\Program Files\Intel\Intel(R) Management Engine Components\DAL;C:\Program Files\Intel\Intel(R) Management Engine Components\IPT;C:\Program Files (x86)\Intel\Intel(R) Management Engine Components\DAL;C:\Program Files (x86)\Intel\Intel(R) Management Engine Components\IPT;C:\Program Files (x86)\ATI Technologies\ATI.ACE\Core-Static;D:\apache-maven-3.2.5\bin;C:\Program Files\Java\jdk1.8.0_45/bin;C:\PROGRA~2\SecureFX;C:\Program Files\Docker Toolbox;C:\Program Files\Git\cmd;C:\Program Files (x86)\scala\bin;C:\Program Files\TortoiseSVN\bin;C:\Program Files (x86)\SSH Communications Security\SSH Secure Shell;C:\Users\yangyu-ds\AppData\Local\Programs\Fiddler
USERNAME=yangyu-ds
OS=Windows_NT
PROCESSOR_IDENTIFIER=Intel64 Family 6 Model 58 Stepping 9, GenuineIntel



---------------  S Y S T E M  ---------------

OS: Windows 7 , 64 bit Build 7601 (6.1.7601.24117)

CPU:total 4 (4 cores per cpu, 1 threads per core) family 6 model 58 stepping 9, cmov, cx8, fxsr, mmx, sse, sse2, sse3, ssse3, sse4.1, sse4.2, popcnt, avx, aes, clmul, erms, tsc, tscinvbit, tscinv

Memory: 4k page, physical 16730676k(4761956k free), swap 33459476k(14195276k free)

vm_info: Java HotSpot(TM) 64-Bit Server VM (25.45-b02) for windows-amd64 JRE (1.8.0_45-b15), built on Apr 30 2015 12:40:44 by "java_re" with MS VC++ 10.0 (VS2010)

time: Mon Nov 04 15:41:42 2019
elapsed time: 534 seconds (0d 0h 8m 54s)

